---------------------------------------------------------------
[ 2018-10-29T17:44:51+08:00 ] 127.0.0.1 GET /admin
[ info ] www.coffee.local/admin [运行时间：0.995057s][吞吐率：1.00req/s] [内存消耗：3,455.57kb] [文件加载：56]
[ info ] [ LANG ] D:\wamp64\www\coffee\thinkphp\lang\zh-cn.php
[ info ] [ DB ] INIT mysql
[ info ] [ ROUTE ] array (
  'type' => 'module',
  'module' => 
  array (
    0 => 'admin',
    1 => NULL,
    2 => NULL,
  ),
)
[ info ] [ HEADER ] array (
  'host' => 'www.coffee.local',
  'connection' => 'keep-alive',
  'upgrade-insecure-requests' => '1',
  'user-agent' => 'Mozilla/5.0 (Windows NT 6.1; WOW64) AppleWebKit/537.36 (KHTML, like Gecko) Chrome/69.0.3497.100 Safari/537.36',
  'accept' => 'text/html,application/xhtml+xml,application/xml;q=0.9,image/webp,image/apng,*/*;q=0.8',
  'accept-encoding' => 'gzip, deflate',
  'accept-language' => 'zh-CN,zh;q=0.9',
  'cookie' => 'keeplogin=1%7C86400%7C1540345842%7C4573f09c576c29c3a05e7c7220bdd45a; Hm_lvt_f8d0a8c400404989e195270b0bbf060a=1540259472; usermember=admin',
)
[ info ] [ PARAM ] array (
)
[ info ] [ SESSION ] INIT array (
  'id' => '',
  'var_session_id' => '',
  'prefix' => 'think',
  'type' => '',
  'auto_start' => true,
)
[ info ] [ LOG ] INIT File
[ sql ] [ DB ] CONNECT:[ UseTime:0.003000s ] mysql:host=127.0.0.1;port=3306;dbname=tplay;charset=utf8
[ sql ] [ SQL ] SHOW COLUMNS FROM `tplay_urlconfig` [ RunTime:0.055003s ]
[ sql ] [ SQL ] SELECT `aliases`,`url` FROM `tplay_urlconfig` WHERE  `status` = 1 [ RunTime:0.001000s ]
[ sql ] [ SQL ] SHOW COLUMNS FROM `tplay_webconfig` [ RunTime:0.012001s ]
[ sql ] [ SQL ] SELECT `black_ip` FROM `tplay_webconfig` WHERE  `web` = 'web' LIMIT 1 [ RunTime:0.000000s ]
---------------------------------------------------------------
[ 2018-10-29T17:44:51+08:00 ] 127.0.0.1 GET /admin/common/login.shtml
[ info ] www.coffee.local/admin/common/login.shtml [运行时间：0.153008s][吞吐率：6.54req/s] [内存消耗：3,485.35kb] [文件加载：55]
[ info ] [ LANG ] D:\wamp64\www\coffee\thinkphp\lang\zh-cn.php
[ info ] [ DB ] INIT mysql
[ info ] [ ROUTE ] array (
  'type' => 'module',
  'module' => 
  array (
    0 => 'admin',
    1 => 'common',
    2 => 'login',
  ),
)
[ info ] [ HEADER ] array (
  'host' => 'www.coffee.local',
  'connection' => 'keep-alive',
  'upgrade-insecure-requests' => '1',
  'user-agent' => 'Mozilla/5.0 (Windows NT 6.1; WOW64) AppleWebKit/537.36 (KHTML, like Gecko) Chrome/69.0.3497.100 Safari/537.36',
  'accept' => 'text/html,application/xhtml+xml,application/xml;q=0.9,image/webp,image/apng,*/*;q=0.8',
  'accept-encoding' => 'gzip, deflate',
  'accept-language' => 'zh-CN,zh;q=0.9',
  'cookie' => 'keeplogin=1%7C86400%7C1540345842%7C4573f09c576c29c3a05e7c7220bdd45a; Hm_lvt_f8d0a8c400404989e195270b0bbf060a=1540259472; usermember=admin; PHPSESSID=9n7urpui3rpdr6fu3f6k71osn2',
)
[ info ] [ PARAM ] array (
)
[ info ] [ RUN ] app\admin\controller\Common->login[ D:\wamp64\www\coffee\app\admin\controller\Common.php ]
[ info ] [ SESSION ] INIT array (
  'id' => '',
  'var_session_id' => '',
  'prefix' => 'think',
  'type' => '',
  'auto_start' => true,
)
[ info ] [ VIEW ] D:\wamp64\www\coffee\public/../app/admin\view\common\login.html [ array (
  0 => 'usermember',
) ]
[ info ] [ LOG ] INIT File
[ sql ] [ DB ] CONNECT:[ UseTime:0.002000s ] mysql:host=127.0.0.1;port=3306;dbname=tplay;charset=utf8
[ sql ] [ SQL ] SHOW COLUMNS FROM `tplay_urlconfig` [ RunTime:0.003001s ]
[ sql ] [ SQL ] SELECT `aliases`,`url` FROM `tplay_urlconfig` WHERE  `status` = 1 [ RunTime:0.001000s ]
---------------------------------------------------------------
[ 2018-10-29T17:44:51+08:00 ] 127.0.0.1 GET /captcha.shtml
[ info ] www.coffee.local/captcha.shtml [运行时间：0.190011s][吞吐率：5.26req/s] [内存消耗：2,946.46kb] [文件加载：45]
[ info ] [ LANG ] D:\wamp64\www\coffee\thinkphp\lang\zh-cn.php
[ info ] [ DB ] INIT mysql
[ info ] [ ROUTE ] array (
  'type' => 'method',
  'method' => 
  array (
    0 => '\\think\\captcha\\CaptchaController',
    1 => 'index',
  ),
  'var' => 
  array (
  ),
)
[ info ] [ HEADER ] array (
  'host' => 'www.coffee.local',
  'connection' => 'keep-alive',
  'user-agent' => 'Mozilla/5.0 (Windows NT 6.1; WOW64) AppleWebKit/537.36 (KHTML, like Gecko) Chrome/69.0.3497.100 Safari/537.36',
  'accept' => 'image/webp,image/apng,image/*,*/*;q=0.8',
  'referer' => 'http://www.coffee.local/admin/common/login.shtml',
  'accept-encoding' => 'gzip, deflate',
  'accept-language' => 'zh-CN,zh;q=0.9',
  'cookie' => 'keeplogin=1%7C86400%7C1540345842%7C4573f09c576c29c3a05e7c7220bdd45a; Hm_lvt_f8d0a8c400404989e195270b0bbf060a=1540259472; usermember=admin; PHPSESSID=9n7urpui3rpdr6fu3f6k71osn2',
)
[ info ] [ PARAM ] array (
  'id' => NULL,
)
[ info ] [ RUN ] think\captcha\CaptchaController->index[ D:\wamp64\www\coffee\vendor\topthink\think-captcha\src\CaptchaController.php ]
[ info ] [ SESSION ] INIT array (
  'id' => '',
  'var_session_id' => '',
  'prefix' => 'think',
  'type' => '',
  'auto_start' => true,
)
[ info ] [ LOG ] INIT File
[ sql ] [ DB ] CONNECT:[ UseTime:0.002000s ] mysql:host=127.0.0.1;port=3306;dbname=tplay;charset=utf8
[ sql ] [ SQL ] SHOW COLUMNS FROM `tplay_urlconfig` [ RunTime:0.003001s ]
[ sql ] [ SQL ] SELECT `aliases`,`url` FROM `tplay_urlconfig` WHERE  `status` = 1 [ RunTime:0.002000s ]
