---------------------------------------------------------------
[ 2018-11-13T09:35:19+08:00 ] 127.0.0.1 GET /
[ info ] www.pet.local/ [运行时间：2.562147s][吞吐率：0.39req/s] [内存消耗：3,451.93kb] [文件加载：56]
[ info ] [ LANG ] D:\wamp64\www\pethome\thinkphp\lang\zh-cn.php
[ info ] [ DB ] INIT mysql
[ info ] [ ROUTE ] array (
  'type' => 'module',
  'module' => 
  array (
    0 => '',
    1 => NULL,
    2 => NULL,
  ),
)
[ info ] [ HEADER ] array (
  'host' => 'www.pet.local',
  'connection' => 'keep-alive',
  'upgrade-insecure-requests' => '1',
  'user-agent' => 'Mozilla/5.0 (Windows NT 6.1; WOW64) AppleWebKit/537.36 (KHTML, like Gecko) Chrome/69.0.3497.100 Safari/537.36',
  'accept' => 'text/html,application/xhtml+xml,application/xml;q=0.9,image/webp,image/apng,*/*;q=0.8',
  'accept-encoding' => 'gzip, deflate',
  'accept-language' => 'zh-CN,zh;q=0.9',
)
[ info ] [ PARAM ] array (
)
[ info ] [ SESSION ] INIT array (
  'id' => '',
  'var_session_id' => '',
  'prefix' => 'think',
  'type' => '',
  'auto_start' => true,
)
[ info ] [ LOG ] INIT File
[ sql ] [ DB ] CONNECT:[ UseTime:0.141008s ] mysql:host=127.0.0.1;port=3306;dbname=pethome;charset=utf8
[ sql ] [ SQL ] SHOW COLUMNS FROM `pet_urlconfig` [ RunTime:0.639036s ]
[ sql ] [ SQL ] SELECT `aliases`,`url` FROM `pet_urlconfig` WHERE  `status` = 1 [ RunTime:0.179010s ]
[ sql ] [ SQL ] SHOW COLUMNS FROM `pet_webconfig` [ RunTime:0.098005s ]
[ sql ] [ SQL ] SELECT `black_ip` FROM `pet_webconfig` WHERE  `web` = 'web' LIMIT 1 [ RunTime:0.073005s ]
---------------------------------------------------------------
[ 2018-11-13T09:35:19+08:00 ] 127.0.0.1 GET /admin_login.shtml
[ info ] www.pet.local/admin_login.shtml [运行时间：0.213013s][吞吐率：4.69req/s] [内存消耗：3,481.56kb] [文件加载：55]
[ info ] [ LANG ] D:\wamp64\www\pethome\thinkphp\lang\zh-cn.php
[ info ] [ DB ] INIT mysql
[ info ] [ ROUTE ] array (
  'type' => 'module',
  'module' => 
  array (
    0 => 'admin',
    1 => 'common',
    2 => 'login',
  ),
  'convert' => false,
)
[ info ] [ HEADER ] array (
  'host' => 'www.pet.local',
  'connection' => 'keep-alive',
  'upgrade-insecure-requests' => '1',
  'user-agent' => 'Mozilla/5.0 (Windows NT 6.1; WOW64) AppleWebKit/537.36 (KHTML, like Gecko) Chrome/69.0.3497.100 Safari/537.36',
  'accept' => 'text/html,application/xhtml+xml,application/xml;q=0.9,image/webp,image/apng,*/*;q=0.8',
  'accept-encoding' => 'gzip, deflate',
  'accept-language' => 'zh-CN,zh;q=0.9',
  'cookie' => 'PHPSESSID=otctrk3735ccf4g0bcn2h7kmh4',
)
[ info ] [ PARAM ] array (
)
[ info ] [ RUN ] app\admin\controller\Common->login[ D:\wamp64\www\pethome\app\admin\controller\Common.php ]
[ info ] [ SESSION ] INIT array (
  'id' => '',
  'var_session_id' => '',
  'prefix' => 'think',
  'type' => '',
  'auto_start' => true,
)
[ info ] [ VIEW ] D:\wamp64\www\pethome\public/../app/admin\view\common\login.html [ array (
) ]
[ info ] [ LOG ] INIT File
[ sql ] [ DB ] CONNECT:[ UseTime:0.008000s ] mysql:host=127.0.0.1;port=3306;dbname=pethome;charset=utf8
[ sql ] [ SQL ] SHOW COLUMNS FROM `pet_urlconfig` [ RunTime:0.004001s ]
[ sql ] [ SQL ] SELECT `aliases`,`url` FROM `pet_urlconfig` WHERE  `status` = 1 [ RunTime:0.002000s ]
---------------------------------------------------------------
[ 2018-11-13T09:35:20+08:00 ] 127.0.0.1 GET /captcha.shtml
[ info ] www.pet.local/captcha.shtml [运行时间：0.836047s][吞吐率：1.20req/s] [内存消耗：2,942.65kb] [文件加载：45]
[ info ] [ LANG ] D:\wamp64\www\pethome\thinkphp\lang\zh-cn.php
[ info ] [ DB ] INIT mysql
[ info ] [ ROUTE ] array (
  'type' => 'method',
  'method' => 
  array (
    0 => '\\think\\captcha\\CaptchaController',
    1 => 'index',
  ),
  'var' => 
  array (
  ),
)
[ info ] [ HEADER ] array (
  'host' => 'www.pet.local',
  'connection' => 'keep-alive',
  'user-agent' => 'Mozilla/5.0 (Windows NT 6.1; WOW64) AppleWebKit/537.36 (KHTML, like Gecko) Chrome/69.0.3497.100 Safari/537.36',
  'accept' => 'image/webp,image/apng,image/*,*/*;q=0.8',
  'referer' => 'http://www.pet.local/admin_login.shtml',
  'accept-encoding' => 'gzip, deflate',
  'accept-language' => 'zh-CN,zh;q=0.9',
  'cookie' => 'PHPSESSID=otctrk3735ccf4g0bcn2h7kmh4',
)
[ info ] [ PARAM ] array (
  'id' => NULL,
)
[ info ] [ RUN ] think\captcha\CaptchaController->index[ D:\wamp64\www\pethome\vendor\topthink\think-captcha\src\CaptchaController.php ]
[ info ] [ SESSION ] INIT array (
  'id' => '',
  'var_session_id' => '',
  'prefix' => 'think',
  'type' => '',
  'auto_start' => true,
)
[ info ] [ LOG ] INIT File
[ sql ] [ DB ] CONNECT:[ UseTime:0.011001s ] mysql:host=127.0.0.1;port=3306;dbname=pethome;charset=utf8
[ sql ] [ SQL ] SHOW COLUMNS FROM `pet_urlconfig` [ RunTime:0.002000s ]
[ sql ] [ SQL ] SELECT `aliases`,`url` FROM `pet_urlconfig` WHERE  `status` = 1 [ RunTime:0.001000s ]
---------------------------------------------------------------
[ 2018-11-13T10:01:15+08:00 ] 127.0.0.1 POST /admin_login.shtml
[ info ] www.pet.local/admin_login.shtml [运行时间：0.092001s][吞吐率：10.87req/s] [内存消耗：3,445.02kb] [文件加载：55]
[ info ] [ LANG ] D:\wamp64\www\pethome\thinkphp\lang\zh-cn.php
[ info ] [ DB ] INIT mysql
[ info ] [ ROUTE ] array (
  'type' => 'module',
  'module' => 
  array (
    0 => 'admin',
    1 => 'common',
    2 => 'login',
  ),
  'convert' => false,
)
[ info ] [ HEADER ] array (
  'host' => 'www.pet.local',
  'connection' => 'keep-alive',
  'content-length' => '90',
  'accept' => '*/*',
  'origin' => 'http://www.pet.local',
  'x-requested-with' => 'XMLHttpRequest',
  'user-agent' => 'Mozilla/5.0 (Windows NT 6.1; WOW64) AppleWebKit/537.36 (KHTML, like Gecko) Chrome/69.0.3497.100 Safari/537.36',
  'content-type' => 'application/x-www-form-urlencoded; charset=UTF-8',
  'referer' => 'http://www.pet.local/admin_login.shtml',
  'accept-encoding' => 'gzip, deflate',
  'accept-language' => 'zh-CN,zh;q=0.9',
  'cookie' => 'PHPSESSID=otctrk3735ccf4g0bcn2h7kmh4',
)
[ info ] [ PARAM ] array (
  'name' => 'admin',
  'password' => '123456',
  'captcha' => 'gbga',
  '__token__' => 'ae4a83d1b82ac9f72d00aed25f3bc1bda78f131b',
)
[ info ] [ RUN ] app\admin\controller\Common->login[ D:\wamp64\www\pethome\app\admin\controller\Common.php ]
[ info ] [ SESSION ] INIT array (
  'id' => '',
  'var_session_id' => '',
  'prefix' => 'think',
  'type' => '',
  'auto_start' => true,
)
[ info ] [ LOG ] INIT File
[ sql ] [ DB ] CONNECT:[ UseTime:0.015600s ] mysql:host=127.0.0.1;port=3306;dbname=pethome;charset=utf8
[ sql ] [ SQL ] SHOW COLUMNS FROM `pet_urlconfig` [ RunTime:0.000000s ]
[ sql ] [ SQL ] SELECT `aliases`,`url` FROM `pet_urlconfig` WHERE  `status` = 1 [ RunTime:0.000000s ]
---------------------------------------------------------------
[ 2018-11-13T10:01:15+08:00 ] 127.0.0.1 GET /captcha.shtml?seed=0.3571968809762145
[ info ] www.pet.local/captcha.shtml?seed=0.3571968809762145 [运行时间：0.057602s][吞吐率：17.36req/s] [内存消耗：2,942.70kb] [文件加载：45]
[ info ] [ LANG ] D:\wamp64\www\pethome\thinkphp\lang\zh-cn.php
[ info ] [ DB ] INIT mysql
[ info ] [ ROUTE ] array (
  'type' => 'method',
  'method' => 
  array (
    0 => '\\think\\captcha\\CaptchaController',
    1 => 'index',
  ),
  'var' => 
  array (
  ),
)
[ info ] [ HEADER ] array (
  'host' => 'www.pet.local',
  'connection' => 'keep-alive',
  'user-agent' => 'Mozilla/5.0 (Windows NT 6.1; WOW64) AppleWebKit/537.36 (KHTML, like Gecko) Chrome/69.0.3497.100 Safari/537.36',
  'accept' => 'image/webp,image/apng,image/*,*/*;q=0.8',
  'referer' => 'http://www.pet.local/admin_login.shtml',
  'accept-encoding' => 'gzip, deflate',
  'accept-language' => 'zh-CN,zh;q=0.9',
  'cookie' => 'PHPSESSID=otctrk3735ccf4g0bcn2h7kmh4',
)
[ info ] [ PARAM ] array (
  'seed' => '0.3571968809762145',
  'id' => NULL,
)
[ info ] [ RUN ] think\captcha\CaptchaController->index[ D:\wamp64\www\pethome\vendor\topthink\think-captcha\src\CaptchaController.php ]
[ info ] [ SESSION ] INIT array (
  'id' => '',
  'var_session_id' => '',
  'prefix' => 'think',
  'type' => '',
  'auto_start' => true,
)
[ info ] [ LOG ] INIT File
[ sql ] [ DB ] CONNECT:[ UseTime:0.001000s ] mysql:host=127.0.0.1;port=3306;dbname=pethome;charset=utf8
[ sql ] [ SQL ] SHOW COLUMNS FROM `pet_urlconfig` [ RunTime:0.002001s ]
[ sql ] [ SQL ] SELECT `aliases`,`url` FROM `pet_urlconfig` WHERE  `status` = 1 [ RunTime:0.000000s ]
---------------------------------------------------------------
[ 2018-11-13T10:01:23+08:00 ] 127.0.0.1 POST /admin_login.shtml
[ info ] www.pet.local/admin_login.shtml [运行时间：0.257600s][吞吐率：3.88req/s] [内存消耗：3,653.17kb] [文件加载：60]
[ info ] [ LANG ] D:\wamp64\www\pethome\thinkphp\lang\zh-cn.php
[ info ] [ DB ] INIT mysql
[ info ] [ ROUTE ] array (
  'type' => 'module',
  'module' => 
  array (
    0 => 'admin',
    1 => 'common',
    2 => 'login',
  ),
  'convert' => false,
)
[ info ] [ HEADER ] array (
  'host' => 'www.pet.local',
  'connection' => 'keep-alive',
  'content-length' => '90',
  'accept' => '*/*',
  'origin' => 'http://www.pet.local',
  'x-requested-with' => 'XMLHttpRequest',
  'user-agent' => 'Mozilla/5.0 (Windows NT 6.1; WOW64) AppleWebKit/537.36 (KHTML, like Gecko) Chrome/69.0.3497.100 Safari/537.36',
  'content-type' => 'application/x-www-form-urlencoded; charset=UTF-8',
  'referer' => 'http://www.pet.local/admin_login.shtml',
  'accept-encoding' => 'gzip, deflate',
  'accept-language' => 'zh-CN,zh;q=0.9',
  'cookie' => 'PHPSESSID=otctrk3735ccf4g0bcn2h7kmh4',
)
[ info ] [ PARAM ] array (
  'name' => 'admin',
  'password' => '123456',
  'captcha' => 'xa2u',
  '__token__' => 'ae4a83d1b82ac9f72d00aed25f3bc1bda78f131b',
)
[ info ] [ RUN ] app\admin\controller\Common->login[ D:\wamp64\www\pethome\app\admin\controller\Common.php ]
[ info ] [ SESSION ] INIT array (
  'id' => '',
  'var_session_id' => '',
  'prefix' => 'think',
  'type' => '',
  'auto_start' => true,
)
[ info ] [ CACHE ] INIT File
[ info ] [ LOG ] INIT File
[ sql ] [ DB ] CONNECT:[ UseTime:0.015600s ] mysql:host=127.0.0.1;port=3306;dbname=pethome;charset=utf8
[ sql ] [ SQL ] SHOW COLUMNS FROM `pet_urlconfig` [ RunTime:0.000000s ]
[ sql ] [ SQL ] SELECT `aliases`,`url` FROM `pet_urlconfig` WHERE  `status` = 1 [ RunTime:0.000000s ]
[ sql ] [ SQL ] SHOW COLUMNS FROM `pet_admin` [ RunTime:0.062400s ]
[ sql ] [ SQL ] SELECT * FROM `pet_admin` WHERE  `name` = 'admin' LIMIT 1 [ RunTime:0.000000s ]
[ sql ] [ SQL ] UPDATE `pet_admin`  SET `login_ip`='127.0.0.1',`login_time`=1542074483  WHERE  `id` = 1 [ RunTime:0.062400s ]
[ sql ] [ SQL ] SHOW COLUMNS FROM `pet_webconfig` [ RunTime:0.000000s ]
[ sql ] [ SQL ] SELECT * FROM `pet_webconfig` WHERE  `web` = 'web' LIMIT 1 [ RunTime:0.000000s ]
[ sql ] [ SQL ] SHOW COLUMNS FROM `pet_admin_menu` [ RunTime:0.015600s ]
[ sql ] [ SQL ] SELECT `id` FROM `pet_admin_menu` WHERE  `module` = 'admin'  AND `controller` = 'Common'  AND `function` = 'login'  AND `parameter` = 'admin_login=' LIMIT 1 [ RunTime:0.031200s ]
[ sql ] [ SQL ] SELECT `id` FROM `pet_admin_menu` WHERE  `module` = 'admin'  AND `controller` = 'Common'  AND `function` = 'login' LIMIT 1 [ RunTime:0.000000s ]
[ sql ] [ SQL ] SHOW COLUMNS FROM `pet_admin_log` [ RunTime:0.015600s ]
[ sql ] [ SQL ] INSERT INTO `pet_admin_log` (`operation_id` , `admin_id` , `ip` , `create_time` , `admin_menu_id`) VALUES ('' , 1 , '127.0.0.1' , 1542074483 , 50) [ RunTime:0.000000s ]
---------------------------------------------------------------
[ 2018-11-13T10:01:25+08:00 ] 127.0.0.1 GET /admin/index/index.shtml
[ info ] www.pet.local/admin/index/index.shtml [运行时间：0.127008s][吞吐率：7.87req/s] [内存消耗：3,531.17kb] [文件加载：55]
[ info ] [ LANG ] D:\wamp64\www\pethome\thinkphp\lang\zh-cn.php
[ info ] [ DB ] INIT mysql
[ info ] [ ROUTE ] array (
  'type' => 'module',
  'module' => 
  array (
    0 => 'admin',
    1 => 'index',
    2 => 'index',
  ),
)
[ info ] [ HEADER ] array (
  'host' => 'www.pet.local',
  'connection' => 'keep-alive',
  'upgrade-insecure-requests' => '1',
  'user-agent' => 'Mozilla/5.0 (Windows NT 6.1; WOW64) AppleWebKit/537.36 (KHTML, like Gecko) Chrome/69.0.3497.100 Safari/537.36',
  'accept' => 'text/html,application/xhtml+xml,application/xml;q=0.9,image/webp,image/apng,*/*;q=0.8',
  'referer' => 'http://www.pet.local/admin_login.shtml',
  'accept-encoding' => 'gzip, deflate',
  'accept-language' => 'zh-CN,zh;q=0.9',
  'cookie' => 'PHPSESSID=otctrk3735ccf4g0bcn2h7kmh4',
)
[ info ] [ PARAM ] array (
)
[ info ] [ SESSION ] INIT array (
  'id' => '',
  'var_session_id' => '',
  'prefix' => 'think',
  'type' => '',
  'auto_start' => true,
)
[ info ] [ RUN ] app\admin\controller\Index->index[ D:\wamp64\www\pethome\app\admin\controller\Index.php ]
[ info ] [ VIEW ] D:\wamp64\www\pethome\public/../app/admin\view\index\index.html [ array (
  0 => 'menus',
  1 => 'cookie',
) ]
[ info ] [ LOG ] INIT File
[ sql ] [ DB ] CONNECT:[ UseTime:0.010000s ] mysql:host=127.0.0.1;port=3306;dbname=pethome;charset=utf8
[ sql ] [ SQL ] SHOW COLUMNS FROM `pet_urlconfig` [ RunTime:0.001000s ]
[ sql ] [ SQL ] SELECT `aliases`,`url` FROM `pet_urlconfig` WHERE  `status` = 1 [ RunTime:0.000000s ]
[ sql ] [ SQL ] SHOW COLUMNS FROM `pet_webconfig` [ RunTime:0.003000s ]
[ sql ] [ SQL ] SELECT `black_ip` FROM `pet_webconfig` WHERE  `web` = 'web' LIMIT 1 [ RunTime:0.000000s ]
[ sql ] [ SQL ] SHOW COLUMNS FROM `pet_admin_cate` [ RunTime:0.017001s ]
[ sql ] [ SQL ] SELECT `permissions` FROM `pet_admin_cate` WHERE  `id` = 1 LIMIT 1 [ RunTime:0.001000s ]
[ sql ] [ SQL ] SHOW COLUMNS FROM `pet_admin_menu` [ RunTime:0.001000s ]
[ sql ] [ SQL ] SELECT * FROM `pet_admin_menu` WHERE  `module` = 'admin'  AND `controller` = 'Index'  AND `function` = 'index'  AND `type` = 1 LIMIT 1 [ RunTime:0.001000s ]
[ sql ] [ SQL ] SELECT * FROM `pet_admin_menu` WHERE  `is_display` = 1 ORDER BY orders asc [ RunTime:0.012001s ]
[ sql ] [ SQL ] SELECT `permissions` FROM `pet_admin_cate` WHERE  `id` = 1 LIMIT 1 [ RunTime:0.001000s ]
[ sql ] [ SQL ] SHOW COLUMNS FROM `pet_admin` [ RunTime:0.001000s ]
[ sql ] [ SQL ] SELECT * FROM `pet_admin` WHERE  `id` = 1 LIMIT 1 [ RunTime:0.001000s ]
[ sql ] [ SQL ] SHOW COLUMNS FROM `pet_attachment` [ RunTime:0.012000s ]
[ sql ] [ SQL ] SELECT * FROM `pet_attachment` WHERE  `id` = 1 LIMIT 1 [ RunTime:0.001000s ]
---------------------------------------------------------------
[ 2018-11-13T10:01:29+08:00 ] 127.0.0.1 GET /admin/main/index
[ info ] www.pet.local/admin/main/index [运行时间：0.181010s][吞吐率：5.52req/s] [内存消耗：3,470.56kb] [文件加载：54]
[ info ] [ LANG ] D:\wamp64\www\pethome\thinkphp\lang\zh-cn.php
[ info ] [ DB ] INIT mysql
[ info ] [ ROUTE ] array (
  'type' => 'module',
  'module' => 
  array (
    0 => 'admin',
    1 => 'main',
    2 => 'index',
  ),
)
[ info ] [ HEADER ] array (
  'host' => 'www.pet.local',
  'connection' => 'keep-alive',
  'upgrade-insecure-requests' => '1',
  'user-agent' => 'Mozilla/5.0 (Windows NT 6.1; WOW64) AppleWebKit/537.36 (KHTML, like Gecko) Chrome/69.0.3497.100 Safari/537.36',
  'accept' => 'text/html,application/xhtml+xml,application/xml;q=0.9,image/webp,image/apng,*/*;q=0.8',
  'referer' => 'http://www.pet.local/admin/index/index.shtml',
  'accept-encoding' => 'gzip, deflate',
  'accept-language' => 'zh-CN,zh;q=0.9',
  'cookie' => 'PHPSESSID=otctrk3735ccf4g0bcn2h7kmh4',
)
[ info ] [ PARAM ] array (
)
[ info ] [ SESSION ] INIT array (
  'id' => '',
  'var_session_id' => '',
  'prefix' => 'think',
  'type' => '',
  'auto_start' => true,
)
[ info ] [ RUN ] app\admin\controller\Main->index[ D:\wamp64\www\pethome\app\admin\controller\Main.php ]
[ info ] [ VIEW ] D:\wamp64\www\pethome\public/../app/admin\view\main\index.html [ array (
  0 => 'info',
  1 => 'web',
) ]
[ info ] [ LOG ] INIT File
[ sql ] [ DB ] CONNECT:[ UseTime:0.011000s ] mysql:host=127.0.0.1;port=3306;dbname=pethome;charset=utf8
[ sql ] [ SQL ] SHOW COLUMNS FROM `pet_urlconfig` [ RunTime:0.002000s ]
[ sql ] [ SQL ] SELECT `aliases`,`url` FROM `pet_urlconfig` WHERE  `status` = 1 [ RunTime:0.000000s ]
[ sql ] [ SQL ] SHOW COLUMNS FROM `pet_webconfig` [ RunTime:0.002000s ]
[ sql ] [ SQL ] SELECT `black_ip` FROM `pet_webconfig` WHERE  `web` = 'web' LIMIT 1 [ RunTime:0.001000s ]
[ sql ] [ SQL ] SHOW COLUMNS FROM `pet_admin_cate` [ RunTime:0.002000s ]
[ sql ] [ SQL ] SELECT `permissions` FROM `pet_admin_cate` WHERE  `id` = 1 LIMIT 1 [ RunTime:0.001000s ]
[ sql ] [ SQL ] SHOW COLUMNS FROM `pet_admin_menu` [ RunTime:0.002001s ]
[ sql ] [ SQL ] SELECT * FROM `pet_admin_menu` WHERE  `module` = 'admin'  AND `controller` = 'Main'  AND `function` = 'index'  AND `type` = 1  AND `parameter` = 'main=' LIMIT 1 [ RunTime:0.001000s ]
[ sql ] [ SQL ] SELECT * FROM `pet_admin_menu` WHERE  `module` = 'admin'  AND `controller` = 'Main'  AND `function` = 'index'  AND `type` = 1 LIMIT 1 [ RunTime:0.001000s ]
[ sql ] [ SQL ] SHOW COLUMNS FROM `pet_admin` [ RunTime:0.002000s ]
[ sql ] [ SQL ] SELECT COUNT(*) AS tp_count FROM `pet_admin` LIMIT 1 [ RunTime:0.024001s ]
[ sql ] [ SQL ] SELECT COUNT(*) AS tp_count FROM `pet_admin_cate` LIMIT 1 [ RunTime:0.000000s ]
[ sql ] [ SQL ] SELECT `black_ip` FROM `pet_webconfig` LIMIT 1 [ RunTime:0.000000s ]
[ sql ] [ SQL ] SHOW COLUMNS FROM `pet_article` [ RunTime:0.023002s ]
[ sql ] [ SQL ] SELECT COUNT(*) AS tp_count FROM `pet_article` LIMIT 1 [ RunTime:0.000000s ]
[ sql ] [ SQL ] SELECT COUNT(*) AS tp_count FROM `pet_article` WHERE  `status` = 0 LIMIT 1 [ RunTime:0.001000s ]
[ sql ] [ SQL ] SELECT COUNT(*) AS tp_count FROM `pet_article` WHERE  `is_top` = 1 LIMIT 1 [ RunTime:0.001000s ]
[ sql ] [ SQL ] SHOW COLUMNS FROM `pet_attachment` [ RunTime:0.002000s ]
[ sql ] [ SQL ] SELECT COUNT(*) AS tp_count FROM `pet_attachment` LIMIT 1 [ RunTime:0.000000s ]
[ sql ] [ SQL ] SELECT COUNT(*) AS tp_count FROM `pet_attachment` WHERE  `status` = 0 LIMIT 1 [ RunTime:0.003000s ]
[ sql ] [ SQL ] SELECT COUNT(*) AS tp_count FROM `pet_attachment` WHERE  `status` = -1 LIMIT 1 [ RunTime:0.000000s ]
[ sql ] [ SQL ] SHOW COLUMNS FROM `pet_messages` [ RunTime:0.011001s ]
[ sql ] [ SQL ] SELECT COUNT(*) AS tp_count FROM `pet_messages` LIMIT 1 [ RunTime:0.001000s ]
[ sql ] [ SQL ] SELECT COUNT(*) AS tp_count FROM `pet_messages` WHERE  `is_look` = 0 LIMIT 1 [ RunTime:0.000000s ]
[ sql ] [ SQL ] SHOW COLUMNS FROM `pet_admin_log` [ RunTime:0.002000s ]
[ sql ] [ SQL ] SELECT COUNT(*) AS tp_count FROM `pet_admin_log` WHERE  `admin_menu_id` = 50  AND ( `create_time` >= 1541260800 AND `create_time` <= 1541347200 ) LIMIT 1 [ RunTime:0.008000s ]
[ sql ] [ SQL ] SELECT COUNT(*) AS tp_count FROM `pet_admin_log` WHERE  `admin_menu_id` = 50  AND ( `create_time` >= 1541347200 AND `create_time` <= 1541433600 ) LIMIT 1 [ RunTime:0.001000s ]
[ sql ] [ SQL ] SELECT COUNT(*) AS tp_count FROM `pet_admin_log` WHERE  `admin_menu_id` = 50  AND ( `create_time` >= 1541433600 AND `create_time` <= 1541520000 ) LIMIT 1 [ RunTime:0.000000s ]
[ sql ] [ SQL ] SELECT COUNT(*) AS tp_count FROM `pet_admin_log` WHERE  `admin_menu_id` = 50  AND ( `create_time` >= 1541520000 AND `create_time` <= 1541606400 ) LIMIT 1 [ RunTime:0.001000s ]
[ sql ] [ SQL ] SELECT COUNT(*) AS tp_count FROM `pet_admin_log` WHERE  `admin_menu_id` = 50  AND ( `create_time` >= 1541606400 AND `create_time` <= 1541692800 ) LIMIT 1 [ RunTime:0.000000s ]
[ sql ] [ SQL ] SELECT COUNT(*) AS tp_count FROM `pet_admin_log` WHERE  `admin_menu_id` = 50  AND ( `create_time` >= 1541692800 AND `create_time` <= 1541779200 ) LIMIT 1 [ RunTime:0.001000s ]
[ sql ] [ SQL ] SELECT COUNT(*) AS tp_count FROM `pet_admin_log` WHERE  `admin_menu_id` = 50  AND ( `create_time` >= 1541779200 AND `create_time` <= 1541865600 ) LIMIT 1 [ RunTime:0.001000s ]
[ sql ] [ SQL ] SELECT COUNT(*) AS tp_count FROM `pet_admin_log` WHERE  `admin_menu_id` = 50  AND ( `create_time` >= 1541865600 AND `create_time` <= 1541952000 ) LIMIT 1 [ RunTime:0.001000s ]
[ sql ] [ SQL ] SELECT COUNT(*) AS tp_count FROM `pet_admin_log` WHERE  `admin_menu_id` = 50  AND ( `create_time` >= 1541952000 AND `create_time` <= 1542038400 ) LIMIT 1 [ RunTime:0.001000s ]
[ sql ] [ SQL ] SELECT COUNT(*) AS tp_count FROM `pet_admin_log` WHERE  `admin_menu_id` = 50  AND ( `create_time` >= 1542038400 AND `create_time` <= 1542124800 ) LIMIT 1 [ RunTime:0.000000s ]
